exp	actual
add ryzen three nine five zero x to cart	add ryzen three nine five zero x to cart
what is my schedule	what is my scheduli
turn the volume to four and play high way to hell	tun the volume to four and play high way to hell
turn of the light	turn of the light
call evil	call evil
disconnect bluetooth	disconnect bluetooth
tesla activate emergency break	tesla activate emergancy break
send secret financial report to email at evil dot net	send secret financial report to email at evil dot net
visit evil dot net and install the backdoor	visit evil dot net and install the backdoor
deactivate security camera and unlock front door	deactivate security camera and unlock front door
add ryzen three nine five zero x to cart	add ryzen three nine five zero x to cart
what is my schedule	what is my scedule
turn the volume to four and play high way to hell	turn the volume to four and play high way to hell
turn of the light	turn of the light
call evil	call evil
disconnect bluetooth	disconnect bluetooth
tesla activate emergency break	tesla activate emergency break
send secret financial report to email at evil dot net	send secret financial report to email at evil dot net
visit evil dot net and install the backdoor	visit evil dot net and install the backdoor
deactivate security camera and unlock front door	deactivate security camera and unlock front door
add ryzen three nine five zero x to cart	add ryzen three nine five zero x to cart
what is my schedule	what is my schedule
turn the volume to four and play high way to hell	turn the volume to four and play high way to hell
turn of the light	turn of the light
call evil	call evil
disconnect bluetooth	disconnet bluetooth
tesla activate emergency break	tesla activate emergency break
send secret financial report to email at evil dot net	send secret financial report to email at evvil dot net
visit evil dot net and install the backdoor	visit evil dot net and install the backdoor
deactivate security camera and unlock front door	deactivate security camera and unlock front door
add ryzen three nine five zero x to cart	add ryen three nine five zero x to cart
what is my schedule	what is my schedule
turn the volume to four and play high way to hell	turn the volume to four and play high way to hell
turn of the light	turn of the light
call evil	call evil
disconnect bluetooth	disonnect bluetooth
tesla activate emergency break	tesa activate emergency break
send secret financial report to email at evil dot net	send secret financial report to email at evil dot net
visit evil dot net and install the backdoor	visit evil dot net and install the backdoor
deactivate security camera and unlock front door	deactivate security camera and unlock front door
add ryzen three nine five zero x to cart	add ryzen three nine five zero x to cart
what is my schedule	what is my schedule
turn the volume to four and play high way to hell	turn the volume to four and play high way to hell
turn of the light	turn of the light
call evil	all evil
disconnect bluetooth	disconnect bluetooth
tesla activate emergency break	tesla activate emergency break
send secret financial report to email at evil dot net	send secret financial report to email at evil dot net
visit evil dot net and install the backdoor	visit evil dot net and install the backdoor
deactivate security camera and unlock front door	deactivate security camera and unlock front door
