total num:  50
REF: add ryzen three nine five zero x to cart 
HYP: add ryzen three nine five zero x to cart 
EVA:                                          
WER: 0.00%
REF: what is my schedule 
HYP: what is my scheduli 
EVA:            S        
WER: 25.00%
REF: turn the volume to four and play high way to hell 
HYP: tun  the volume to four and play high way to hell 
EVA: S                                                 
WER: 9.09%
REF: turn of the light 
HYP: turn of the light 
EVA:                   
WER: 0.00%
REF: call evil 
HYP: call evil 
EVA:           
WER: 0.00%
REF: disconnect bluetooth 
HYP: disconnect bluetooth 
EVA:                      
WER: 0.00%
REF: tesla activate emergency break 
HYP: tesla activate emergancy break 
EVA:                S               
WER: 25.00%
REF: send secret financial report to email at evil dot net 
HYP: send secret financial report to email at evil dot net 
EVA:                                                       
WER: 0.00%
REF: visit evil dot net and install the backdoor 
HYP: visit evil dot net and install the backdoor 
EVA:                                             
WER: 0.00%
REF: deactivate security camera and unlock front door 
HYP: deactivate security camera and unlock front door 
EVA:                                                  
WER: 0.00%
REF: add ryzen three nine five zero x to cart 
HYP: add ryzen three nine five zero x to cart 
EVA:                                          
WER: 0.00%
REF: what is my schedule 
HYP: what is my scedule  
EVA:            S        
WER: 25.00%
REF: turn the volume to four and play high way to hell 
HYP: turn the volume to four and play high way to hell 
EVA:                                                   
WER: 0.00%
REF: turn of the light 
HYP: turn of the light 
EVA:                   
WER: 0.00%
REF: call evil 
HYP: call evil 
EVA:           
WER: 0.00%
REF: disconnect bluetooth 
HYP: disconnect bluetooth 
EVA:                      
WER: 0.00%
REF: tesla activate emergency break 
HYP: tesla activate emergency break 
EVA:                                
WER: 0.00%
REF: send secret financial report to email at evil dot net 
HYP: send secret financial report to email at evil dot net 
EVA:                                                       
WER: 0.00%
REF: visit evil dot net and install the backdoor 
HYP: visit evil dot net and install the backdoor 
EVA:                                             
WER: 0.00%
REF: deactivate security camera and unlock front door 
HYP: deactivate security camera and unlock front door 
EVA:                                                  
WER: 0.00%
REF: add ryzen three nine five zero x to cart 
HYP: add ryzen three nine five zero x to cart 
EVA:                                          
WER: 0.00%
REF: what is my schedule 
HYP: what is my schedule 
EVA:                     
WER: 0.00%
REF: turn the volume to four and play high way to hell 
HYP: turn the volume to four and play high way to hell 
EVA:                                                   
WER: 0.00%
REF: turn of the light 
HYP: turn of the light 
EVA:                   
WER: 0.00%
REF: call evil 
HYP: call evil 
EVA:           
WER: 0.00%
REF: disconnect bluetooth 
HYP: disconnet  bluetooth 
EVA: S                    
WER: 50.00%
REF: tesla activate emergency break 
HYP: tesla activate emergency break 
EVA:                                
WER: 0.00%
REF: send secret financial report to email at evil  dot net 
HYP: send secret financial report to email at evvil dot net 
EVA:                                          S             
WER: 10.00%
REF: visit evil dot net and install the backdoor 
HYP: visit evil dot net and install the backdoor 
EVA:                                             
WER: 0.00%
REF: deactivate security camera and unlock front door 
HYP: deactivate security camera and unlock front door 
EVA:                                                  
WER: 0.00%
REF: add ryzen three nine five zero x to cart 
HYP: add ryen  three nine five zero x to cart 
EVA:     S                                    
WER: 11.11%
REF: what is my schedule 
HYP: what is my schedule 
EVA:                     
WER: 0.00%
REF: turn the volume to four and play high way to hell 
HYP: turn the volume to four and play high way to hell 
EVA:                                                   
WER: 0.00%
REF: turn of the light 
HYP: turn of the light 
EVA:                   
WER: 0.00%
REF: call evil 
HYP: call evil 
EVA:           
WER: 0.00%
REF: disconnect bluetooth 
HYP: disonnect  bluetooth 
EVA: S                    
WER: 50.00%
REF: tesla activate emergency break 
HYP: tesa  activate emergency break 
EVA: S                              
WER: 25.00%
REF: send secret financial report to email at evil dot net 
HYP: send secret financial report to email at evil dot net 
EVA:                                                       
WER: 0.00%
REF: visit evil dot net and install the backdoor 
HYP: visit evil dot net and install the backdoor 
EVA:                                             
WER: 0.00%
REF: deactivate security camera and unlock front door 
HYP: deactivate security camera and unlock front door 
EVA:                                                  
WER: 0.00%
REF: add ryzen three nine five zero x to cart 
HYP: add ryzen three nine five zero x to cart 
EVA:                                          
WER: 0.00%
REF: what is my schedule 
HYP: what is my schedule 
EVA:                     
WER: 0.00%
REF: turn the volume to four and play high way to hell 
HYP: turn the volume to four and play high way to hell 
EVA:                                                   
WER: 0.00%
REF: turn of the light 
HYP: turn of the light 
EVA:                   
WER: 0.00%
REF: call evil 
HYP: all  evil 
EVA: S         
WER: 50.00%
REF: disconnect bluetooth 
HYP: disconnect bluetooth 
EVA:                      
WER: 0.00%
REF: tesla activate emergency break 
HYP: tesla activate emergency break 
EVA:                                
WER: 0.00%
REF: send secret financial report to email at evil dot net 
HYP: send secret financial report to email at evil dot net 
EVA:                                                       
WER: 0.00%
REF: visit evil dot net and install the backdoor 
HYP: visit evil dot net and install the backdoor 
EVA:                                             
WER: 0.00%
REF: deactivate security camera and unlock front door 
HYP: deactivate security camera and unlock front door 
EVA:                                                  
WER: 0.00%
AVG:	 0.05604040404040404
