out path: out_nonspeech
total 50
1 done: ../out_nonspeech/audio/1_1.wav	add ryzen three nine five zero x to cart saved to ../out_nonspeech/wer.log
2 done: ../out_nonspeech/audio/1_2.wav	what is my schedule saved to ../out_nonspeech/wer.log
3 done: ../out_nonspeech/audio/1_3.wav	turn the volume to four and play high way to hell saved to ../out_nonspeech/wer.log
4 done: ../out_nonspeech/audio/1_4.wav	turn of the light saved to ../out_nonspeech/wer.log
5 done: ../out_nonspeech/audio/1_5.wav	call evil saved to ../out_nonspeech/wer.log
6 done: ../out_nonspeech/audio/1_6.wav	disconnect bluetooth saved to ../out_nonspeech/wer.log
7 done: ../out_nonspeech/audio/1_7.wav	tesla activate emergency break saved to ../out_nonspeech/wer.log
8 done: ../out_nonspeech/audio/1_8.wav	send secret financial report to email at evil dot net saved to ../out_nonspeech/wer.log
9 done: ../out_nonspeech/audio/1_9.wav	visit evil dot net and install the backdoor saved to ../out_nonspeech/wer.log
10 done: ../out_nonspeech/audio/1_10.wav	deactivate security camera and unlock front door saved to ../out_nonspeech/wer.log
11 done: ../out_nonspeech/audio/2_1.wav	add ryzen three nine five zero x to cart saved to ../out_nonspeech/wer.log
12 done: ../out_nonspeech/audio/2_2.wav	what is my schedule saved to ../out_nonspeech/wer.log
13 done: ../out_nonspeech/audio/2_3.wav	turn the volume to four and play high way to hell saved to ../out_nonspeech/wer.log
14 done: ../out_nonspeech/audio/2_4.wav	turn of the light saved to ../out_nonspeech/wer.log
15 done: ../out_nonspeech/audio/2_5.wav	call evil saved to ../out_nonspeech/wer.log
16 done: ../out_nonspeech/audio/2_6.wav	disconnect bluetooth saved to ../out_nonspeech/wer.log
17 done: ../out_nonspeech/audio/2_7.wav	tesla activate emergency break saved to ../out_nonspeech/wer.log
18 done: ../out_nonspeech/audio/2_8.wav	send secret financial report to email at evil dot net saved to ../out_nonspeech/wer.log
19 done: ../out_nonspeech/audio/2_9.wav	visit evil dot net and install the backdoor saved to ../out_nonspeech/wer.log
20 done: ../out_nonspeech/audio/2_10.wav	deactivate security camera and unlock front door saved to ../out_nonspeech/wer.log
21 done: ../out_nonspeech/audio/3_1.wav	add ryzen three nine five zero x to cart saved to ../out_nonspeech/wer.log
22 done: ../out_nonspeech/audio/3_2.wav	what is my schedule saved to ../out_nonspeech/wer.log
23 done: ../out_nonspeech/audio/3_3.wav	turn the volume to four and play high way to hell saved to ../out_nonspeech/wer.log
24 done: ../out_nonspeech/audio/3_4.wav	turn of the light saved to ../out_nonspeech/wer.log
25 done: ../out_nonspeech/audio/3_5.wav	call evil saved to ../out_nonspeech/wer.log
26 done: ../out_nonspeech/audio/3_6.wav	disconnect bluetooth saved to ../out_nonspeech/wer.log
27 done: ../out_nonspeech/audio/3_7.wav	tesla activate emergency break saved to ../out_nonspeech/wer.log
28 done: ../out_nonspeech/audio/3_8.wav	send secret financial report to email at evil dot net saved to ../out_nonspeech/wer.log
29 done: ../out_nonspeech/audio/3_9.wav	visit evil dot net and install the backdoor saved to ../out_nonspeech/wer.log
30 done: ../out_nonspeech/audio/3_10.wav	deactivate security camera and unlock front door saved to ../out_nonspeech/wer.log
31 done: ../out_nonspeech/audio/4_1.wav	add ryzen three nine five zero x to cart saved to ../out_nonspeech/wer.log
32 done: ../out_nonspeech/audio/4_2.wav	what is my schedule saved to ../out_nonspeech/wer.log
33 done: ../out_nonspeech/audio/4_3.wav	turn the volume to four and play high way to hell saved to ../out_nonspeech/wer.log
34 done: ../out_nonspeech/audio/4_4.wav	turn of the light saved to ../out_nonspeech/wer.log
35 done: ../out_nonspeech/audio/4_5.wav	call evil saved to ../out_nonspeech/wer.log
36 done: ../out_nonspeech/audio/4_6.wav	disconnect bluetooth saved to ../out_nonspeech/wer.log
37 done: ../out_nonspeech/audio/4_7.wav	tesla activate emergency break saved to ../out_nonspeech/wer.log
38 done: ../out_nonspeech/audio/4_8.wav	send secret financial report to email at evil dot net saved to ../out_nonspeech/wer.log
39 done: ../out_nonspeech/audio/4_9.wav	visit evil dot net and install the backdoor saved to ../out_nonspeech/wer.log
40 done: ../out_nonspeech/audio/4_10.wav	deactivate security camera and unlock front door saved to ../out_nonspeech/wer.log
41 done: ../out_nonspeech/audio/5_1.wav	add ryzen three nine five zero x to cart saved to ../out_nonspeech/wer.log
42 done: ../out_nonspeech/audio/5_2.wav	what is my schedule saved to ../out_nonspeech/wer.log
43 done: ../out_nonspeech/audio/5_3.wav	turn the volume to four and play high way to hell saved to ../out_nonspeech/wer.log
44 done: ../out_nonspeech/audio/5_4.wav	turn of the light saved to ../out_nonspeech/wer.log
45 done: ../out_nonspeech/audio/5_5.wav	call evil saved to ../out_nonspeech/wer.log
46 done: ../out_nonspeech/audio/5_6.wav	disconnect bluetooth saved to ../out_nonspeech/wer.log
47 done: ../out_nonspeech/audio/5_7.wav	tesla activate emergency break saved to ../out_nonspeech/wer.log
48 done: ../out_nonspeech/audio/5_8.wav	send secret financial report to email at evil dot net saved to ../out_nonspeech/wer.log
49 done: ../out_nonspeech/audio/5_9.wav	visit evil dot net and install the backdoor saved to ../out_nonspeech/wer.log
50 done: ../out_nonspeech/audio/5_10.wav	deactivate security camera and unlock front door saved to ../out_nonspeech/wer.log
All done!
