out path: out_speech
total 50
1 done: ../out_speech/audio/6_1.wav	add ryzen three nine five zero x to cart saved to ../out_speech/wer.log
2 done: ../out_speech/audio/6_2.wav	what is my schedule saved to ../out_speech/wer.log
3 done: ../out_speech/audio/6_3.wav	turn the volume to four and play high way to hell saved to ../out_speech/wer.log
4 done: ../out_speech/audio/6_4.wav	turn of the light saved to ../out_speech/wer.log
5 done: ../out_speech/audio/6_5.wav	call evil saved to ../out_speech/wer.log
6 done: ../out_speech/audio/6_6.wav	disconnect bluetooth saved to ../out_speech/wer.log
7 done: ../out_speech/audio/6_7.wav	tesla activate emergency break saved to ../out_speech/wer.log
8 done: ../out_speech/audio/6_8.wav	send secret financial report to email at evil dot net saved to ../out_speech/wer.log
9 done: ../out_speech/audio/6_9.wav	visit evil dot net and install the backdoor saved to ../out_speech/wer.log
10 done: ../out_speech/audio/6_10.wav	deactivate security camera and unlock front door saved to ../out_speech/wer.log
11 done: ../out_speech/audio/7_1.wav	add ryzen three nine five zero x to cart saved to ../out_speech/wer.log
12 done: ../out_speech/audio/7_2.wav	what is my schedule saved to ../out_speech/wer.log
13 done: ../out_speech/audio/7_3.wav	turn the volume to four and play high way to hell saved to ../out_speech/wer.log
14 done: ../out_speech/audio/7_4.wav	turn of the light saved to ../out_speech/wer.log
15 done: ../out_speech/audio/7_5.wav	call evil saved to ../out_speech/wer.log
16 done: ../out_speech/audio/7_6.wav	disconnect bluetooth saved to ../out_speech/wer.log
17 done: ../out_speech/audio/7_7.wav	tesla activate emergency break saved to ../out_speech/wer.log
18 done: ../out_speech/audio/7_8.wav	send secret financial report to email at evil dot net saved to ../out_speech/wer.log
19 done: ../out_speech/audio/7_9.wav	visit evil dot net and install the backdoor saved to ../out_speech/wer.log
20 done: ../out_speech/audio/7_10.wav	deactivate security camera and unlock front door saved to ../out_speech/wer.log
21 done: ../out_speech/audio/8_1.wav	add ryzen three nine five zero x to cart saved to ../out_speech/wer.log
22 done: ../out_speech/audio/8_2.wav	what is my schedule saved to ../out_speech/wer.log
23 done: ../out_speech/audio/8_3.wav	turn the volume to four and play high way to hell saved to ../out_speech/wer.log
24 done: ../out_speech/audio/8_4.wav	turn of the light saved to ../out_speech/wer.log
25 done: ../out_speech/audio/8_5.wav	call evil saved to ../out_speech/wer.log
26 done: ../out_speech/audio/8_6.wav	disconnect bluetooth saved to ../out_speech/wer.log
27 done: ../out_speech/audio/8_7.wav	tesla activate emergency break saved to ../out_speech/wer.log
28 done: ../out_speech/audio/8_8.wav	send secret financial report to email at evil dot net saved to ../out_speech/wer.log
29 done: ../out_speech/audio/8_9.wav	visit evil dot net and install the backdoor saved to ../out_speech/wer.log
30 done: ../out_speech/audio/8_10.wav	deactivate security camera and unlock front door saved to ../out_speech/wer.log
31 done: ../out_speech/audio/9_1.wav	add ryzen three nine five zero x to cart saved to ../out_speech/wer.log
32 done: ../out_speech/audio/9_2.wav	what is my schedule saved to ../out_speech/wer.log
33 done: ../out_speech/audio/9_3.wav	turn the volume to four and play high way to hell saved to ../out_speech/wer.log
34 done: ../out_speech/audio/9_4.wav	turn of the light saved to ../out_speech/wer.log
35 done: ../out_speech/audio/9_5.wav	call evil saved to ../out_speech/wer.log
36 done: ../out_speech/audio/9_6.wav	disconnect bluetooth saved to ../out_speech/wer.log
37 done: ../out_speech/audio/9_7.wav	tesla activate emergency break saved to ../out_speech/wer.log
38 done: ../out_speech/audio/9_8.wav	send secret financial report to email at evil dot net saved to ../out_speech/wer.log
39 done: ../out_speech/audio/9_9.wav	visit evil dot net and install the backdoor saved to ../out_speech/wer.log
40 done: ../out_speech/audio/9_10.wav	deactivate security camera and unlock front door saved to ../out_speech/wer.log
41 done: ../out_speech/audio/10_1.wav	add ryzen three nine five zero x to cart saved to ../out_speech/wer.log
42 done: ../out_speech/audio/10_2.wav	what is my schedule saved to ../out_speech/wer.log
43 done: ../out_speech/audio/10_3.wav	turn the volume to four and play high way to hell saved to ../out_speech/wer.log
44 done: ../out_speech/audio/10_4.wav	turn of the light saved to ../out_speech/wer.log
45 done: ../out_speech/audio/10_5.wav	call evil saved to ../out_speech/wer.log
46 done: ../out_speech/audio/10_6.wav	disconnect bluetooth saved to ../out_speech/wer.log
47 done: ../out_speech/audio/10_7.wav	tesla activate emergency break saved to ../out_speech/wer.log
48 done: ../out_speech/audio/10_8.wav	send secret financial report to email at evil dot net saved to ../out_speech/wer.log
49 done: ../out_speech/audio/10_9.wav	visit evil dot net and install the backdoor saved to ../out_speech/wer.log
50 done: ../out_speech/audio/10_10.wav	deactivate security camera and unlock front door saved to ../out_speech/wer.log
All done!
