exp	actual
add ryzen three nine five zero x to cart	add ryzen three nine five zero x to cart
what is my schedule	what is my schedule
turn the volume to four and play high way to hell	turn the volume to four and play high way to hell
turn of the light	turn of the light
call evil	call evil
disconnect bluetooth	disconnec bluetooth
tesla activate emergency break	tesla activate emergency break
send secret financial report to email at evil dot net	send secret financial report to email at evil dot net
visit evil dot net and install the backdoor	visit evil dot net and install the backdoor
deactivate security camera and unlock front door	deactivate security camera and unlock front door
add ryzen three nine five zero x to cart	ad ryzen three nine five zero x to cart
what is my schedule	whtis my schedule
turn the volume to four and play high way to hell	turn the volume to four and play high way to hell
turn of the light	turn of the light
call evil	all evil
disconnect bluetooth	disconnect bluetoot
tesla activate emergency break	tesla activate emergency break
send secret financial report to email at evil dot net	spend secret fonancial report to email at evil dot net
visit evil dot net and install the backdoor	visit evil dot net and install the backdoor
deactivate security camera and unlock front door	deactivate security camera and unlock front door
add ryzen three nine five zero x to cart	add ryzen three nine five zero x to cart
what is my schedule	what is my chedule
turn the volume to four and play high way to hell	turn the volume to four and play high way to hell
turn of the light	turn of the night
call evil	call evil
disconnect bluetooth	disconnect bluetooth
tesla activate emergency break	tesla activate emergen cy break
send secret financial report to email at evil dot net	send secret financial report to email at evil dotnet
visit evil dot net and install the backdoor	visit evil dot net and install the backdoor
deactivate security camera and unlock front door	deactivate security camera and unlock front door
add ryzen three nine five zero x to cart	add ryzen three nine five zero to cart
what is my schedule	what is my schedle
turn the volume to four and play high way to hell	turn the volume to four and play hith way to hell
turn of the light	turn of the light
call evil	col evel
disconnect bluetooth	disconnect bluetooth
tesla activate emergency break	tesla activate emergency break
send secret financial report to email at evil dot net	send secret financial report to email at evil dot net
visit evil dot net and install the backdoor	visit evil dot net and install the backdoor
deactivate security camera and unlock front door	deactivate security camera and unlock front door
add ryzen three nine five zero x to cart	ad ryzen three nine five zerom x to car
what is my schedule	what is my schedule
turn the volume to four and play high way to hell	turn the volume to four and play high way to hell
turn of the light	turn of the light
call evil	calitl evil
disconnect bluetooth	disconnect bluetooth
tesla activate emergency break	tesla activate emergency break
send secret financial report to email at evil dot net	send secret financial report to email at evil dot net
visit evil dot net and install the backdoor	visit evil did net and install the backdoor
deactivate security camera and unlock front door	deactivate security camera and unlock front door
